11:37:45.951 [TestNG-tests-1] INFO  testCases.TC001_AccountRegistrationTest - clicked on Register link
11:37:45.987 [TestNG-tests-1] INFO  testCases.TC001_AccountRegistrationTest - providing customer details
11:38:09.442 [TestNG-tests-2] INFO  testCases.TC001_AccountRegistrationTest - ********* TC001_AccountRegistrationTest
11:38:09.632 [TestNG-tests-2] INFO  testCases.TC001_AccountRegistrationTest - clicked on MuAccount link
11:38:10.700 [TestNG-tests-2] INFO  testCases.TC001_AccountRegistrationTest - clicked on Register link
11:38:10.700 [TestNG-tests-2] INFO  testCases.TC001_AccountRegistrationTest - providing customer details
11:38:48.057 [TestNG-tests-2] INFO  testCases.TC001_AccountRegistrationTest - ********* TC001_AccountRegistrationTest
11:38:48.193 [TestNG-tests-2] INFO  testCases.TC001_AccountRegistrationTest - clicked on MuAccount link
11:38:49.091 [TestNG-tests-2] INFO  testCases.TC001_AccountRegistrationTest - clicked on Register link
11:38:49.093 [TestNG-tests-2] INFO  testCases.TC001_AccountRegistrationTest - providing customer details
12:04:33.904 [TestNG-tests-1] INFO  testCases.TC001_AccountRegistrationTest - ********* TC001_AccountRegistrationTest
12:04:34.036 [TestNG-tests-1] INFO  testCases.TC001_AccountRegistrationTest - clicked on MuAccount link
12:04:34.824 [TestNG-tests-1] INFO  testCases.TC001_AccountRegistrationTest - clicked on Register link
12:04:34.828 [TestNG-tests-1] INFO  testCases.TC001_AccountRegistrationTest - providing customer details
12:04:35.791 [TestNG-tests-2] INFO  testCases.TC001_AccountRegistrationTest - ********* TC001_AccountRegistrationTest
12:04:35.939 [TestNG-tests-2] INFO  testCases.TC001_AccountRegistrationTest - clicked on MuAccount link
12:04:36.714 [TestNG-tests-2] INFO  testCases.TC001_AccountRegistrationTest - clicked on Register link
12:04:36.715 [TestNG-tests-2] INFO  testCases.TC001_AccountRegistrationTest - providing customer details
12:34:16.725 [TestNG-tests-1] INFO  testCases.TC001_AccountRegistrationTest - ********* TC001_AccountRegistrationTest
12:34:16.921 [TestNG-tests-1] INFO  testCases.TC001_AccountRegistrationTest - clicked on MuAccount link
12:34:18.125 [TestNG-tests-2] INFO  testCases.TC001_AccountRegistrationTest - ********* TC001_AccountRegistrationTest
12:34:18.296 [TestNG-tests-2] INFO  testCases.TC001_AccountRegistrationTest - clicked on MuAccount link
12:34:26.956 [TestNG-tests-1] ERROR testCases.TC001_AccountRegistrationTest - Test Failed
12:34:28.327 [TestNG-tests-2] ERROR testCases.TC001_AccountRegistrationTest - Test Failed
14:49:36.777 [TestNG-tests-1] INFO  testCases.TC001_AccountRegistrationTest - ********* TC001_AccountRegistrationTest
14:49:36.884 [TestNG-tests-1] INFO  testCases.TC001_AccountRegistrationTest - clicked on MuAccount link
14:49:38.587 [TestNG-tests-2] INFO  testCases.TC001_AccountRegistrationTest - ********* TC001_AccountRegistrationTest
14:49:38.710 [TestNG-tests-2] INFO  testCases.TC001_AccountRegistrationTest - clicked on MuAccount link
14:49:46.897 [TestNG-tests-1] ERROR testCases.TC001_AccountRegistrationTest - Test Failed
14:49:48.728 [TestNG-tests-2] ERROR testCases.TC001_AccountRegistrationTest - Test Failed
14:49:50.227 [TestNG-tests-1] INFO  testCases.TC002_LoginTest - starting TC002_LoginTest.........
15:00:31.322 [main] INFO  testCases.TC002_LoginTest - starting TC002_LoginTest.........
15:04:06.003 [main] INFO  testCases.TC002_LoginTest - starting TC002_LoginTest.........
15:04:07.469 [main] INFO  testCases.TC002_LoginTest - finished TC002_LoginTest........
15:07:41.364 [main] INFO  testCases.TC002_LoginTest - starting TC002_LoginTest.........
15:07:42.828 [main] INFO  testCases.TC002_LoginTest - finished TC002_LoginTest........
15:08:35.432 [main] INFO  testCases.TC002_LoginTest - starting TC002_LoginTest.........
15:08:36.881 [main] INFO  testCases.TC002_LoginTest - finished TC002_LoginTest........
15:12:13.387 [main] INFO  testCases.TC002_LoginTest - starting TC002_LoginTest.........
15:12:15.191 [main] INFO  testCases.TC002_LoginTest - finished TC002_LoginTest........
19:10:09.012 [main] INFO  testCases.TC003_LoginDDT - **** Starting TC_003_LoginDDT *****
19:10:20.925 [main] INFO  testCases.TC003_LoginDDT - **** Starting TC_003_LoginDDT *****
19:10:35.058 [main] INFO  testCases.TC003_LoginDDT - **** Starting TC_003_LoginDDT *****
19:10:45.318 [main] INFO  testCases.TC003_LoginDDT - **** Starting TC_003_LoginDDT *****
19:10:55.579 [main] INFO  testCases.TC003_LoginDDT - **** Starting TC_003_LoginDDT *****
19:13:25.496 [main] INFO  testCases.TC003_LoginDDT - **** Starting TC_003_LoginDDT *****
19:13:38.243 [main] INFO  testCases.TC003_LoginDDT - **** Starting TC_003_LoginDDT *****
19:13:50.152 [main] INFO  testCases.TC003_LoginDDT - **** Starting TC_003_LoginDDT *****
19:14:00.438 [main] INFO  testCases.TC003_LoginDDT - **** Starting TC_003_LoginDDT *****
19:14:10.748 [main] INFO  testCases.TC003_LoginDDT - **** Starting TC_003_LoginDDT *****
