19:15:58.094 [main] INFO  testCases.TC003_LoginDDT - **** Starting TC_003_LoginDDT *****
19:16:10.404 [main] INFO  testCases.TC003_LoginDDT - **** Starting TC_003_LoginDDT *****
19:16:20.601 [main] INFO  testCases.TC003_LoginDDT - **** Starting TC_003_LoginDDT *****
19:16:30.813 [main] INFO  testCases.TC003_LoginDDT - **** Starting TC_003_LoginDDT *****
19:16:41.175 [main] INFO  testCases.TC003_LoginDDT - **** Starting TC_003_LoginDDT *****
10:18:54.200 [main] INFO  testCases.TC003_LoginDDT - **** Starting TC_003_LoginDDT *****
10:19:06.426 [main] INFO  testCases.TC003_LoginDDT - **** Starting TC_003_LoginDDT *****
10:19:16.639 [main] INFO  testCases.TC003_LoginDDT - **** Starting TC_003_LoginDDT *****
10:19:26.905 [main] INFO  testCases.TC003_LoginDDT - **** Starting TC_003_LoginDDT *****
10:19:37.206 [main] INFO  testCases.TC003_LoginDDT - **** Starting TC_003_LoginDDT *****
10:25:52.800 [main] INFO  testCases.TC003_LoginDDT - **** Starting TC_003_LoginDDT *****
10:26:04.602 [main] INFO  testCases.TC003_LoginDDT - **** Starting TC_003_LoginDDT *****
10:26:14.802 [main] INFO  testCases.TC003_LoginDDT - **** Starting TC_003_LoginDDT *****
10:26:25.032 [main] INFO  testCases.TC003_LoginDDT - **** Starting TC_003_LoginDDT *****
10:26:35.207 [main] INFO  testCases.TC003_LoginDDT - **** Starting TC_003_LoginDDT *****
10:31:25.936 [main] INFO  testCases.TC003_LoginDDT - **** Starting TC_003_LoginDDT *****
10:31:28.464 [main] INFO  testCases.TC003_LoginDDT - **** Finished TC_003_LoginDDT *****
10:31:28.475 [main] INFO  testCases.TC003_LoginDDT - **** Starting TC_003_LoginDDT *****
10:31:30.841 [main] INFO  testCases.TC003_LoginDDT - **** Starting TC_003_LoginDDT *****
10:31:33.129 [main] INFO  testCases.TC003_LoginDDT - **** Starting TC_003_LoginDDT *****
10:31:44.751 [main] INFO  testCases.TC003_LoginDDT - **** Finished TC_003_LoginDDT *****
10:31:44.756 [main] INFO  testCases.TC003_LoginDDT - **** Starting TC_003_LoginDDT *****
10:31:47.181 [main] INFO  testCases.TC003_LoginDDT - **** Finished TC_003_LoginDDT *****
11:39:44.575 [main] INFO  testCases.GroupsTC001_AccRegistrationTest - ********* TC001_AccountRegistrationTest
11:39:44.773 [main] INFO  testCases.GroupsTC001_AccRegistrationTest - clicked on MuAccount link
11:39:54.815 [main] ERROR testCases.GroupsTC001_AccRegistrationTest - Test Failed
11:39:58.623 [main] INFO  testCases.GroupsTC002_LoginTest - starting TC002_LoginTest.........
11:40:00.579 [main] INFO  testCases.GroupsTC002_LoginTest - finished TC002_LoginTest........
11:43:46.745 [main] INFO  testCases.TC001_AccountRegistrationTest - ********* TC001_AccountRegistrationTest
11:43:47.088 [main] INFO  testCases.TC001_AccountRegistrationTest - clicked on MuAccount link
11:43:57.169 [main] ERROR testCases.TC001_AccountRegistrationTest - Test Failed
11:51:56.160 [main] INFO  testCases.TC001_AccountRegistrationTest - ********* TC001_AccountRegistrationTest
11:51:56.367 [main] INFO  testCases.TC001_AccountRegistrationTest - clicked on MuAccount link
11:52:06.428 [main] ERROR testCases.TC001_AccountRegistrationTest - Test Failed
11:55:59.563 [main] INFO  testCases.TC001_AccountRegistrationTest - ********* TC001_AccountRegistrationTest
11:55:59.731 [main] INFO  testCases.TC001_AccountRegistrationTest - clicked on MuAccount link
11:56:00.350 [main] INFO  testCases.TC001_AccountRegistrationTest - clicked on Register link
11:56:00.354 [main] INFO  testCases.TC001_AccountRegistrationTest - providing customer details
11:56:52.008 [main] INFO  testCases.GroupsTC001_AccRegistrationTest - ********* TC001_AccountRegistrationTest
11:56:52.253 [main] INFO  testCases.GroupsTC001_AccRegistrationTest - clicked on MuAccount link
11:56:52.887 [main] INFO  testCases.GroupsTC001_AccRegistrationTest - clicked on Register link
11:56:52.891 [main] INFO  testCases.GroupsTC001_AccRegistrationTest - providing customer details
11:56:58.857 [main] INFO  testCases.GroupsTC002_LoginTest - starting TC002_LoginTest.........
11:57:00.905 [main] INFO  testCases.GroupsTC002_LoginTest - finished TC002_LoginTest........
12:08:40.977 [main] INFO  testCases.GroupsTC002_LoginTest - starting TC002_LoginTest.........
12:08:42.583 [main] INFO  testCases.GroupsTC002_LoginTest - finished TC002_LoginTest........
17:15:38.391 [main] INFO  testCases.GroupsTC001_AccRegistrationTest - ********* TC001_AccountRegistrationTest
17:15:38.571 [main] INFO  testCases.GroupsTC001_AccRegistrationTest - clicked on MuAccount link
17:15:39.253 [main] INFO  testCases.GroupsTC001_AccRegistrationTest - clicked on Register link
17:15:39.258 [main] INFO  testCases.GroupsTC001_AccRegistrationTest - providing customer details
17:15:45.336 [main] INFO  testCases.GroupsTC002_LoginTest - starting TC002_LoginTest.........
17:15:47.737 [main] INFO  testCases.GroupsTC002_LoginTest - finished TC002_LoginTest........
17:18:41.730 [main] INFO  testCases.GroupsTC001_AccRegistrationTest - ********* TC001_AccountRegistrationTest
17:18:41.902 [main] INFO  testCases.GroupsTC001_AccRegistrationTest - clicked on MuAccount link
